c:\users\mbred\source\repos\лаба5вар7\лаба5вар7\x64\debug\vc143.pdb
c:\users\mbred\source\repos\лаба5вар7\лаба5вар7\x64\debug\vc143.idb
c:\users\mbred\source\repos\лаба5вар7\лаба5вар7\x64\debug\лаба5вар7.obj
c:\users\mbred\source\repos\лаба5вар7\лаба5вар7\x64\debug\source.obj
c:\users\mbred\source\repos\лаба5вар7\лаба5вар7\x64\debug\лаба5вар7.ilk
c:\users\mbred\source\repos\лаба5вар7\x64\debug\лаба5вар7.exe
c:\users\mbred\source\repos\лаба5вар7\x64\debug\лаба5вар7.pdb
c:\users\чмоня\source\repos\лаба5вар7\лаба5вар7\x64\debug\source.obj
c:\users\чмоня\source\repos\лаба5вар7\лаба5вар7\x64\debug\лаба5вар7.obj
c:\users\чмоня\source\repos\лаба5вар7\лаба5вар7\x64\debug\лаба5вар7.ilk
c:\users\чмоня\source\repos\лаба5вар7\лаба5вар7\x64\debug\vc143.idb
c:\users\чмоня\source\repos\лаба5вар7\лаба5вар7\x64\debug\vc143.pdb
c:\users\чмоня\source\repos\лаба5вар7\x64\debug\лаба5вар7.pdb
c:\users\чмоня\source\repos\лаба5вар7\x64\debug\лаба5вар7.exe
c:\users\чмоня\source\repos\лаба5вар7\лаба5вар7\x64\debug\лаба5вар7.tlog\cl.command.1.tlog
c:\users\чмоня\source\repos\лаба5вар7\лаба5вар7\x64\debug\лаба5вар7.tlog\cl.read.1.tlog
c:\users\чмоня\source\repos\лаба5вар7\лаба5вар7\x64\debug\лаба5вар7.tlog\cl.write.1.tlog
c:\users\чмоня\source\repos\лаба5вар7\лаба5вар7\x64\debug\лаба5вар7.tlog\link.command.1.tlog
c:\users\чмоня\source\repos\лаба5вар7\лаба5вар7\x64\debug\лаба5вар7.tlog\link.read.1.tlog
c:\users\чмоня\source\repos\лаба5вар7\лаба5вар7\x64\debug\лаба5вар7.tlog\link.write.1.tlog
